::1 - - [01/Aug/2022:22:36:19 +0400] "POST /phpmyadmin/index.php?route=/table/indexes HTTP/1.1" 200 588
::1 - - [01/Aug/2022:22:37:04 +0400] "POST /phpmyadmin/index.php?route=/config/set HTTP/1.1" 200 1714
::1 - - [01/Aug/2022:22:37:05 +0400] "GET /phpmyadmin/index.php?route=%2Ftable%2Fcreate&db=tes1&server=1 HTTP/1.1" 200 40265
::1 - - [01/Aug/2022:22:37:06 +0400] "GET /phpmyadmin/themes/pmahomme/jquery/jquery-ui.css HTTP/1.1" 200 36566
::1 - - [01/Aug/2022:22:37:06 +0400] "GET /phpmyadmin/js/vendor/codemirror/lib/codemirror.css?v=5.1.3 HTTP/1.1" 200 8709
::1 - - [01/Aug/2022:22:37:06 +0400] "GET /phpmyadmin/js/vendor/jquery/jquery-migrate.js?v=5.1.3 HTTP/1.1" 200 25300
::1 - - [01/Aug/2022:22:37:06 +0400] "GET /phpmyadmin/js/vendor/sprintf.js?v=5.1.3 HTTP/1.1" 200 7409
::1 - - [01/Aug/2022:22:37:06 +0400] "GET /phpmyadmin/js/dist/keyhandler.js?v=5.1.3 HTTP/1.1" 200 3003
::1 - - [01/Aug/2022:22:37:06 +0400] "GET /phpmyadmin/js/vendor/codemirror/addon/hint/show-hint.css?v=5.1.3 HTTP/1.1" 200 623
::1 - - [01/Aug/2022:22:37:06 +0400] "GET /phpmyadmin/js/dist/ajax.js?v=5.1.3 HTTP/1.1" 200 31330
::1 - - [01/Aug/2022:22:37:06 +0400] "GET /phpmyadmin/js/vendor/bootstrap/bootstrap.bundle.min.js?v=5.1.3 HTTP/1.1" 200 83253
::1 - - [01/Aug/2022:22:37:06 +0400] "GET /phpmyadmin/js/vendor/js.cookie.js?v=5.1.3 HTTP/1.1" 200 3883
::1 - - [01/Aug/2022:22:37:06 +0400] "GET /phpmyadmin/js/vendor/jquery/jquery-ui.min.js?v=5.1.3 HTTP/1.1" 200 253669
::1 - - [01/Aug/2022:22:37:06 +0400] "GET /phpmyadmin/js/vendor/codemirror/addon/lint/lint.css?v=5.1.3 HTTP/1.1" 200 3035
::1 - - [01/Aug/2022:22:37:06 +0400] "GET /phpmyadmin/themes/pmahomme/css/theme.css?v=5.1.3&nocache=-687566532ltr&server=1 HTTP/1.1" 200 216144
::1 - - [01/Aug/2022:22:37:06 +0400] "GET /phpmyadmin/js/vendor/jquery/jquery.min.js?v=5.1.3 HTTP/1.1" 200 89501
::1 - - [01/Aug/2022:22:37:06 +0400] "GET /phpmyadmin/js/vendor/jquery/jquery.mousewheel.js?v=5.1.3 HTTP/1.1" 200 8267
::1 - - [01/Aug/2022:22:37:06 +0400] "GET /phpmyadmin/js/vendor/jquery/jquery-ui-timepicker-addon.js?v=5.1.3 HTTP/1.1" 200 78475
::1 - - [01/Aug/2022:22:37:06 +0400] "GET /phpmyadmin/js/vendor/jquery/jquery.validate.js?v=5.1.3 HTTP/1.1" 200 50963
::1 - - [01/Aug/2022:22:37:06 +0400] "GET /phpmyadmin/js/vendor/jquery/jquery.ba-hashchange-2.0.js?v=5.1.3 HTTP/1.1" 200 10505
::1 - - [01/Aug/2022:22:37:06 +0400] "GET /phpmyadmin/js/vendor/jquery/jquery.debounce-1.0.6.js?v=5.1.3 HTTP/1.1" 200 1608
::1 - - [01/Aug/2022:22:37:06 +0400] "GET /phpmyadmin/js/dist/menu_resizer.js?v=5.1.3 HTTP/1.1" 200 5687
::1 - - [01/Aug/2022:22:37:06 +0400] "GET /phpmyadmin/js/dist/cross_framing_protection.js?v=5.1.3 HTTP/1.1" 200 419
::1 - - [01/Aug/2022:22:37:06 +0400] "GET /phpmyadmin/js/dist/rte.js?v=5.1.3 HTTP/1.1" 200 40074
::1 - - [01/Aug/2022:22:37:06 +0400] "GET /phpmyadmin/js/dist/config.js?v=5.1.3 HTTP/1.1" 200 25448
::1 - - [01/Aug/2022:22:37:06 +0400] "GET /phpmyadmin/js/dist/doclinks.js?v=5.1.3 HTTP/1.1" 200 18292
::1 - - [01/Aug/2022:22:37:06 +0400] "GET /phpmyadmin/js/dist/navigation.js?v=5.1.3 HTTP/1.1" 200 54678
::1 - - [01/Aug/2022:22:37:06 +0400] "GET /phpmyadmin/js/dist/functions.js?v=5.1.3 HTTP/1.1" 200 161208
::1 - - [01/Aug/2022:22:37:06 +0400] "GET /phpmyadmin/js/dist/indexes.js?v=5.1.3 HTTP/1.1" 200 26322
::1 - - [01/Aug/2022:22:37:06 +0400] "GET /phpmyadmin/js/dist/common.js?v=5.1.3 HTTP/1.1" 200 4388
::1 - - [01/Aug/2022:22:37:06 +0400] "GET /phpmyadmin/js/dist/page_settings.js?v=5.1.3 HTTP/1.1" 200 1568
::1 - - [01/Aug/2022:22:37:06 +0400] "GET /phpmyadmin/js/vendor/jquery/jquery.uitablefilter.js?v=5.1.3 HTTP/1.1" 200 3139
::1 - - [01/Aug/2022:22:37:06 +0400] "GET /phpmyadmin/js/vendor/codemirror/mode/sql/sql.js?v=5.1.3 HTTP/1.1" 200 47998
::1 - - [01/Aug/2022:22:37:06 +0400] "GET /phpmyadmin/js/vendor/codemirror/lib/codemirror.js?v=5.1.3 HTTP/1.1" 200 399842
::1 - - [01/Aug/2022:22:37:06 +0400] "GET /phpmyadmin/js/vendor/codemirror/addon/runmode/runmode.js?v=5.1.3 HTTP/1.1" 200 2773
::1 - - [01/Aug/2022:22:37:06 +0400] "GET /phpmyadmin/js/vendor/codemirror/addon/hint/show-hint.js?v=5.1.3 HTTP/1.1" 200 19979
::1 - - [01/Aug/2022:22:37:06 +0400] "GET /phpmyadmin/js/vendor/codemirror/addon/hint/sql-hint.js?v=5.1.3 HTTP/1.1" 200 9604
::1 - - [01/Aug/2022:22:37:06 +0400] "GET /phpmyadmin/js/vendor/codemirror/addon/lint/lint.js?v=5.1.3 HTTP/1.1" 200 9985
::1 - - [01/Aug/2022:22:37:06 +0400] "GET /phpmyadmin/js/dist/codemirror/addon/lint/sql-lint.js?v=5.1.3 HTTP/1.1" 200 959
::1 - - [01/Aug/2022:22:37:06 +0400] "GET /phpmyadmin/js/dist/error_report.js?v=5.1.3 HTTP/1.1" 200 9664
::1 - - [01/Aug/2022:22:37:06 +0400] "GET /phpmyadmin/js/vendor/tracekit.js?v=5.1.3 HTTP/1.1" 200 47128
::1 - - [01/Aug/2022:22:37:06 +0400] "GET /phpmyadmin/js/dist/drag_drop_import.js?v=5.1.3 HTTP/1.1" 200 12308
::1 - - [01/Aug/2022:22:37:06 +0400] "GET /phpmyadmin/js/dist/shortcuts_handler.js?v=5.1.3 HTTP/1.1" 200 3326
::1 - - [01/Aug/2022:22:37:06 +0400] "GET /phpmyadmin/js/dist/console.js?v=5.1.3 HTTP/1.1" 200 49699
::1 - - [01/Aug/2022:22:37:06 +0400] "GET /phpmyadmin/themes/pmahomme/img/logo_left.png HTTP/1.1" 200 2713
::1 - - [01/Aug/2022:22:37:06 +0400] "GET /phpmyadmin/themes/pmahomme/css/printview.css?v=5.1.3 HTTP/1.1" 200 1392
::1 - - [01/Aug/2022:22:37:06 +0400] "GET /phpmyadmin/js/messages.php?l=ru&v=5.1.3 HTTP/1.1" 200 12908
::1 - - [01/Aug/2022:22:37:06 +0400] "GET /phpmyadmin/themes/pmahomme/img/left_nav_bg.png HTTP/1.1" 200 146
::1 - - [01/Aug/2022:22:37:06 +0400] "GET /phpmyadmin/themes/pmahomme/img/b_docs.png HTTP/1.1" 200 705
::1 - - [01/Aug/2022:22:37:06 +0400] "GET /phpmyadmin/themes/pmahomme/img/s_cog.png HTTP/1.1" 200 442
::1 - - [01/Aug/2022:22:37:06 +0400] "GET /phpmyadmin/themes/pmahomme/img/b_home.png HTTP/1.1" 200 734
::1 - - [01/Aug/2022:22:37:06 +0400] "GET /phpmyadmin/themes/pmahomme/img/b_sqlhelp.png HTTP/1.1" 200 512
::1 - - [01/Aug/2022:22:37:06 +0400] "GET /phpmyadmin/themes/pmahomme/img/s_loggoff.png HTTP/1.1" 200 626
::1 - - [01/Aug/2022:22:37:06 +0400] "GET /phpmyadmin/themes/pmahomme/img/s_db.png HTTP/1.1" 200 328
::1 - - [01/Aug/2022:22:37:06 +0400] "GET /phpmyadmin/themes/pmahomme/img/b_plus.png HTTP/1.1" 200 143
::1 - - [01/Aug/2022:22:37:06 +0400] "GET /phpmyadmin/themes/pmahomme/img/b_newdb.png HTTP/1.1" 200 585
::1 - - [01/Aug/2022:22:37:06 +0400] "GET /phpmyadmin/themes/pmahomme/img/s_link.png HTTP/1.1" 200 280
::1 - - [01/Aug/2022:22:37:06 +0400] "GET /phpmyadmin/themes/pmahomme/img/s_reload.png HTTP/1.1" 200 527
::1 - - [01/Aug/2022:22:37:06 +0400] "GET /phpmyadmin/themes/pmahomme/img/b_props.png HTTP/1.1" 200 573
::1 - - [01/Aug/2022:22:37:06 +0400] "GET /phpmyadmin/themes/pmahomme/img/s_host.png HTTP/1.1" 200 591
::1 - - [01/Aug/2022:22:37:06 +0400] "GET /phpmyadmin/themes/pmahomme/img/b_sql.png HTTP/1.1" 200 680
::1 - - [01/Aug/2022:22:37:06 +0400] "GET /phpmyadmin/themes/pmahomme/img/b_search.png HTTP/1.1" 200 538
::1 - - [01/Aug/2022:22:37:06 +0400] "GET /phpmyadmin/themes/pmahomme/img/b_tblops.png HTTP/1.1" 200 537
::1 - - [01/Aug/2022:22:37:06 +0400] "GET /phpmyadmin/themes/pmahomme/img/s_rights.png HTTP/1.1" 200 461
::1 - - [01/Aug/2022:22:37:06 +0400] "GET /phpmyadmin/themes/pmahomme/img/b_triggers.png HTTP/1.1" 200 446
::1 - - [01/Aug/2022:22:37:06 +0400] "GET /phpmyadmin/themes/pmahomme/img/console.png HTTP/1.1" 200 292
::1 - - [01/Aug/2022:22:37:06 +0400] "GET /phpmyadmin/themes/pmahomme/img/s_top.png HTTP/1.1" 200 220
::1 - - [01/Aug/2022:22:37:06 +0400] "GET /phpmyadmin/themes/pmahomme/img/b_help.png HTTP/1.1" 200 705
::1 - - [01/Aug/2022:22:37:06 +0400] "GET /phpmyadmin/themes/pmahomme/img/window-new.png HTTP/1.1" 200 468
::1 - - [01/Aug/2022:22:37:06 +0400] "POST /phpmyadmin/index.php?route=/config/get HTTP/1.1" 200 1723
::1 - - [01/Aug/2022:22:37:06 +0400] "POST /phpmyadmin/index.php?route=/navigation&ajax_request=1 HTTP/1.1" 200 2412
::1 - - [01/Aug/2022:22:37:07 +0400] "GET /phpmyadmin/themes/pmahomme/img/ajax_clock_small.gif HTTP/1.1" 200 1810
::1 - - [01/Aug/2022:22:37:06 +0400] "POST /phpmyadmin/index.php?route=/config/get HTTP/1.1" 200 1814
::1 - - [01/Aug/2022:22:37:07 +0400] "POST /phpmyadmin/index.php?route=/navigation&ajax_request=1 HTTP/1.1" 200 2220
::1 - - [01/Aug/2022:22:37:07 +0400] "POST /phpmyadmin/index.php?route=/config/set HTTP/1.1" 200 1714
::1 - - [01/Aug/2022:22:37:22 +0400] "POST /phpmyadmin/index.php?route=/table/structure/reserved-word-check HTTP/1.1" 200 140
::1 - - [01/Aug/2022:22:37:22 +0400] "POST /phpmyadmin/index.php?route=/table/create HTTP/1.1" 200 56
::1 - - [01/Aug/2022:22:37:36 +0400] "GET /phpmyadmin/index.php?route=/table/create&server=1&db=tes1 HTTP/1.1" 200 40262
::1 - - [01/Aug/2022:22:37:36 +0400] "GET /phpmyadmin/themes/pmahomme/css/theme.css?v=5.1.3&nocache=-1419397913ltr&server=1 HTTP/1.1" 200 216144
::1 - - [01/Aug/2022:22:37:37 +0400] "POST /phpmyadmin/index.php?route=/navigation&ajax_request=1 HTTP/1.1" 200 2752
::1 - - [01/Aug/2022:22:37:37 +0400] "POST /phpmyadmin/index.php?route=/config/get HTTP/1.1" 200 1723
::1 - - [01/Aug/2022:22:37:37 +0400] "POST /phpmyadmin/index.php?route=/config/get HTTP/1.1" 200 1814
::1 - - [01/Aug/2022:22:37:37 +0400] "GET /phpmyadmin/themes/pmahomme/img/b_minus.png HTTP/1.1" 200 123
::1 - - [01/Aug/2022:22:37:37 +0400] "GET /phpmyadmin/themes/pmahomme/img/b_table_add.png HTTP/1.1" 200 571
::1 - - [01/Aug/2022:22:37:37 +0400] "POST /phpmyadmin/index.php?route=/config/set HTTP/1.1" 200 1714
::1 - - [01/Aug/2022:22:37:39 +0400] "GET /phpmyadmin/index.php?route=/table/create&server=1&db=tes1&ajax_request=true&ajax_page_request=true&_nocache=1659379059005724308&token=2d403c3e38473c5b7d41496a446c403a HTTP/1.1" 200 34750
::1 - - [01/Aug/2022:22:37:44 +0400] "GET /phpmyadmin/themes/pmahomme/img/s_lock.png HTTP/1.1" 200 667
::1 - - [01/Aug/2022:22:38:04 +0400] "POST /phpmyadmin/index.php?route=/table/indexes HTTP/1.1" 200 3193
::1 - - [01/Aug/2022:22:38:15 +0400] "POST /phpmyadmin/index.php?route=/table/structure/reserved-word-check HTTP/1.1" 200 140
::1 - - [01/Aug/2022:22:38:16 +0400] "POST /phpmyadmin/index.php?route=/table/create HTTP/1.1" 200 1937
::1 - - [01/Aug/2022:22:38:16 +0400] "GET /phpmyadmin/index.php?route=/database/structure&server=1&db=tes1&table=&ajax_request=true&ajax_page_request=true&_nocache=1659379096229587082&token=2d403c3e38473c5b7d41496a446c403a HTTP/1.1" 200 6636
::1 - - [01/Aug/2022:22:38:16 +0400] "GET /phpmyadmin/themes/pmahomme/img/b_browse.png HTTP/1.1" 200 486
::1 - - [01/Aug/2022:22:38:16 +0400] "GET /phpmyadmin/themes/pmahomme/img/b_insrow.png HTTP/1.1" 200 157
::1 - - [01/Aug/2022:22:38:16 +0400] "GET /phpmyadmin/themes/pmahomme/img/b_drop.png HTTP/1.1" 200 637
::1 - - [01/Aug/2022:22:38:16 +0400] "GET /phpmyadmin/themes/pmahomme/img/b_print.png HTTP/1.1" 200 639
::1 - - [01/Aug/2022:22:38:16 +0400] "GET /phpmyadmin/js/dist/table/change.js?v=5.1.3 HTTP/1.1" 200 29079
::1 - - [01/Aug/2022:22:38:16 +0400] "POST /phpmyadmin/index.php?route=/navigation&ajax_request=1 HTTP/1.1" 200 2801
::1 - - [01/Aug/2022:22:38:16 +0400] "GET /phpmyadmin/index.php?route=/table/structure&server=1&db=tes1&token=2d403c3e38473c5b7d41496a446c403a&goto=index.php%3Froute%3D%2Fdatabase%2Fstructure&table=users&ajax_request=true&ajax_page_request=true&_nocache=1659379096234218953&token=2d403c3e38473c5b7d41496a446c403a HTTP/1.1" 200 8942
::1 - - [01/Aug/2022:22:38:16 +0400] "GET /phpmyadmin/themes/pmahomme/img/s_tbl.png HTTP/1.1" 200 645
::1 - - [01/Aug/2022:22:38:16 +0400] "GET /phpmyadmin/themes/pmahomme/img/b_tblexport.png HTTP/1.1" 200 514
::1 - - [01/Aug/2022:22:38:16 +0400] "GET /phpmyadmin/themes/pmahomme/img/b_tblimport.png HTTP/1.1" 200 556
::1 - - [01/Aug/2022:22:38:16 +0400] "GET /phpmyadmin/themes/pmahomme/img/b_primary.png HTTP/1.1" 200 536
::1 - - [01/Aug/2022:22:38:16 +0400] "GET /phpmyadmin/themes/pmahomme/img/b_unique.png HTTP/1.1" 200 583
::1 - - [01/Aug/2022:22:38:16 +0400] "GET /phpmyadmin/themes/pmahomme/img/b_spatial.png HTTP/1.1" 200 376
::1 - - [01/Aug/2022:22:38:16 +0400] "GET /phpmyadmin/themes/pmahomme/img/b_index.png HTTP/1.1" 200 643
::1 - - [01/Aug/2022:22:38:16 +0400] "GET /phpmyadmin/themes/pmahomme/img/b_move.png HTTP/1.1" 200 381
::1 - - [01/Aug/2022:22:38:16 +0400] "GET /phpmyadmin/themes/pmahomme/img/b_ftext.png HTTP/1.1" 200 550
::1 - - [01/Aug/2022:22:38:16 +0400] "GET /phpmyadmin/themes/pmahomme/img/normalize.png HTTP/1.1" 200 505
::1 - - [01/Aug/2022:22:38:16 +0400] "GET /phpmyadmin/themes/pmahomme/img/b_rename.svg HTTP/1.1" 200 881
::1 - - [01/Aug/2022:22:38:16 +0400] "GET /phpmyadmin/themes/pmahomme/img/b_edit.png HTTP/1.1" 200 377
::1 - - [01/Aug/2022:22:38:17 +0400] "GET /phpmyadmin/index.php?route=/recent-table&ajax_request=1&recent_table=1&no_debug=true&_nocache=1659379097026598109&token=2d403c3e38473c5b7d41496a446c403a HTTP/1.1" 200 1809
::1 - - [01/Aug/2022:22:38:24 +0400] "GET /phpmyadmin/index.php?route=/table/change&db=tes1&table=users&ajax_request=true&ajax_page_request=true&_nocache=1659379104304103517&token=2d403c3e38473c5b7d41496a446c403a HTTP/1.1" 200 7621
::1 - - [01/Aug/2022:22:38:24 +0400] "GET /phpmyadmin/js/dist/makegrid.js?v=5.1.3 HTTP/1.1" 200 79747
::1 - - [01/Aug/2022:22:38:24 +0400] "GET /phpmyadmin/js/vendor/stickyfill.min.js?v=5.1.3 HTTP/1.1" 200 6500
::1 - - [01/Aug/2022:22:38:24 +0400] "GET /phpmyadmin/js/dist/sql.js?v=5.1.3 HTTP/1.1" 200 35847
::1 - - [01/Aug/2022:22:38:24 +0400] "GET /phpmyadmin/js/dist/gis_data_editor.js?v=5.1.3 HTTP/1.1" 200 13782
::1 - - [01/Aug/2022:22:38:24 +0400] "GET /phpmyadmin/js/vendor/jquery/additional-methods.js?v=5.1.3 HTTP/1.1" 200 52032
::1 - - [01/Aug/2022:22:38:24 +0400] "GET /phpmyadmin/index.php?route=/recent-table&ajax_request=1&recent_table=1&no_debug=true&_nocache=1659379104608891086&token=2d403c3e38473c5b7d41496a446c403a HTTP/1.1" 200 1809
::1 - - [01/Aug/2022:22:39:29 +0400] "POST /phpmyadmin/index.php?route=/table/replace HTTP/1.1" 200 6351
::1 - - [01/Aug/2022:22:39:29 +0400] "GET /phpmyadmin/themes/pmahomme/img/s_success.png HTTP/1.1" 200 465
::1 - - [01/Aug/2022:22:39:29 +0400] "GET /phpmyadmin/index.php?route=/recent-table&ajax_request=1&recent_table=1&no_debug=true&_nocache=1659379169792541254&token=2d403c3e38473c5b7d41496a446c403a HTTP/1.1" 200 1809
::1 - - [01/Aug/2022:22:39:29 +0400] "POST /phpmyadmin/index.php?route=/lint HTTP/1.1" 200 28
::1 - - [01/Aug/2022:22:39:42 +0400] "POST /authorization/ HTTP/1.1" 200 744
::1 - - [01/Aug/2022:22:39:43 +0400] "GET /favicon.ico HTTP/1.1" 200 920
::1 - - [01/Aug/2022:22:39:45 +0400] "GET /authorization/ HTTP/1.1" 200 1168
::1 - - [01/Aug/2022:22:39:45 +0400] "GET /favicon.ico HTTP/1.1" 200 920
::1 - - [01/Aug/2022:22:40:34 +0400] "GET /phpmyadmin/index.php?route=/sql&server=1&db=tes1&table=users&pos=0&ajax_request=true&ajax_page_request=true&_nocache=1659379234445466267&token=2d403c3e38473c5b7d41496a446c403a HTTP/1.1" 200 8255
::1 - - [01/Aug/2022:22:40:34 +0400] "GET /phpmyadmin/themes/pmahomme/img/b_chart.png HTTP/1.1" 200 449
::1 - - [01/Aug/2022:22:40:34 +0400] "GET /phpmyadmin/themes/pmahomme/img/b_view_add.png HTTP/1.1" 200 678
::1 - - [01/Aug/2022:22:40:34 +0400] "GET /phpmyadmin/js/dist/multi_column_sort.js?v=5.1.3 HTTP/1.1" 200 1296
::1 - - [01/Aug/2022:22:40:34 +0400] "GET /phpmyadmin/themes/pmahomme/img/col_drop.png HTTP/1.1" 200 111
::1 - - [01/Aug/2022:22:40:34 +0400] "GET /phpmyadmin/themes/pmahomme/img/col_pointer.png HTTP/1.1" 200 102
::1 - - [01/Aug/2022:22:40:34 +0400] "GET /phpmyadmin/themes/pmahomme/img/s_fulltext.png HTTP/1.1" 200 176
::1 - - [01/Aug/2022:22:40:34 +0400] "GET /phpmyadmin/index.php?route=/recent-table&ajax_request=1&recent_table=1&no_debug=true&_nocache=1659379234793460432&token=2d403c3e38473c5b7d41496a446c403a HTTP/1.1" 200 1809
::1 - - [01/Aug/2022:22:40:36 +0400] "GET /phpmyadmin/index.php?route=/table/change&db=tes1&table=users&ajax_request=true&ajax_page_request=true&_nocache=1659379236208192187&token=2d403c3e38473c5b7d41496a446c403a HTTP/1.1" 200 7621
::1 - - [01/Aug/2022:22:40:36 +0400] "GET /phpmyadmin/index.php?route=/recent-table&ajax_request=1&recent_table=1&no_debug=true&_nocache=1659379236474245525&token=2d403c3e38473c5b7d41496a446c403a HTTP/1.1" 200 1809
::1 - - [01/Aug/2022:22:40:44 +0400] "POST /phpmyadmin/index.php?route=/table/replace HTTP/1.1" 200 6309
::1 - - [01/Aug/2022:22:40:45 +0400] "GET /phpmyadmin/index.php?route=/recent-table&ajax_request=1&recent_table=1&no_debug=true&_nocache=1659379245164479176&token=2d403c3e38473c5b7d41496a446c403a HTTP/1.1" 200 1809
::1 - - [01/Aug/2022:22:40:45 +0400] "POST /phpmyadmin/index.php?route=/lint HTTP/1.1" 200 28
::1 - - [01/Aug/2022:22:40:48 +0400] "POST /phpmyadmin/index.php?route=/navigation&ajax_request=1 HTTP/1.1" 200 2379
::1 - - [01/Aug/2022:22:40:48 +0400] "GET /phpmyadmin/themes/pmahomme/img/pause.png HTTP/1.1" 200 255
::1 - - [01/Aug/2022:22:40:49 +0400] "GET /phpmyadmin/index.php?route=/sql&server=1&db=tes1&table=users&pos=0&ajax_request=true&ajax_page_request=true&_nocache=165937924906665081&token=2d403c3e38473c5b7d41496a446c403a HTTP/1.1" 200 8898
::1 - - [01/Aug/2022:22:40:49 +0400] "GET /phpmyadmin/index.php?route=/recent-table&ajax_request=1&recent_table=1&no_debug=true&_nocache=1659379249382425377&token=2d403c3e38473c5b7d41496a446c403a HTTP/1.1" 200 1809
::1 - - [01/Aug/2022:22:40:49 +0400] "GET /phpmyadmin/index.php?route=/table/structure&db=tes1&table=users&ajax_request=true&ajax_page_request=true&_nocache=1659379249803842833&token=2d403c3e38473c5b7d41496a446c403a HTTP/1.1" 200 8958
::1 - - [01/Aug/2022:22:40:50 +0400] "GET /phpmyadmin/index.php?route=/recent-table&ajax_request=1&recent_table=1&no_debug=true&_nocache=1659379250122882580&token=2d403c3e38473c5b7d41496a446c403a HTTP/1.1" 200 1809
::1 - - [01/Aug/2022:22:40:51 +0400] "GET /phpmyadmin/index.php?route=/sql&db=tes1&table=users&pos=0&ajax_request=true&ajax_page_request=true&_nocache=1659379251014202583&token=2d403c3e38473c5b7d41496a446c403a HTTP/1.1" 200 8895
::1 - - [01/Aug/2022:22:40:51 +0400] "GET /phpmyadmin/index.php?route=/recent-table&ajax_request=1&recent_table=1&no_debug=true&_nocache=1659379251305539758&token=2d403c3e38473c5b7d41496a446c403a HTTP/1.1" 200 1809
::1 - - [01/Aug/2022:22:41:02 +0400] "POST /authorization/ HTTP/1.1" 200 744
::1 - - [01/Aug/2022:22:41:02 +0400] "GET /favicon.ico HTTP/1.1" 200 920
::1 - - [01/Aug/2022:22:42:02 +0400] "-" 408 -
::1 - - [01/Aug/2022:22:42:14 +0400] "POST /authorization/ HTTP/1.1" 200 1274
::1 - - [01/Aug/2022:22:42:14 +0400] "GET /project/webroot/css/styles.css HTTP/1.1" 304 -
::1 - - [01/Aug/2022:22:42:14 +0400] "GET /favicon.ico HTTP/1.1" 200 920
::1 - - [01/Aug/2022:22:42:16 +0400] "POST /authorization/ HTTP/1.1" 200 1274
::1 - - [01/Aug/2022:22:42:16 +0400] "GET /favicon.ico HTTP/1.1" 200 920
::1 - - [01/Aug/2022:22:42:17 +0400] "POST /authorization/ HTTP/1.1" 200 1274
::1 - - [01/Aug/2022:22:42:18 +0400] "GET /favicon.ico HTTP/1.1" 200 920
::1 - - [01/Aug/2022:22:42:18 +0400] "POST /authorization/ HTTP/1.1" 200 1274
::1 - - [01/Aug/2022:22:42:18 +0400] "GET /favicon.ico HTTP/1.1" 200 920
::1 - - [01/Aug/2022:22:42:44 +0400] "POST /authorization/ HTTP/1.1" 200 1274
::1 - - [01/Aug/2022:22:42:44 +0400] "GET /favicon.ico HTTP/1.1" 200 920
::1 - - [01/Aug/2022:22:43:02 +0400] "POST /authorization/ HTTP/1.1" 200 1274
::1 - - [01/Aug/2022:22:43:03 +0400] "GET /favicon.ico HTTP/1.1" 200 920
::1 - - [01/Aug/2022:22:43:04 +0400] "POST /authorization/ HTTP/1.1" 200 1274
::1 - - [01/Aug/2022:22:43:04 +0400] "GET /favicon.ico HTTP/1.1" 200 920
::1 - - [01/Aug/2022:22:43:05 +0400] "POST /authorization/ HTTP/1.1" 200 1274
::1 - - [01/Aug/2022:22:43:05 +0400] "GET /favicon.ico HTTP/1.1" 200 920
::1 - - [01/Aug/2022:22:44:02 +0400] "-" 408 -
::1 - - [01/Aug/2022:22:44:14 +0400] "POST /authorization/ HTTP/1.1" 200 1261
::1 - - [01/Aug/2022:22:44:14 +0400] "GET /favicon.ico HTTP/1.1" 200 920
::1 - - [01/Aug/2022:22:44:24 +0400] "POST /authorization/ HTTP/1.1" 302 1256
::1 - - [01/Aug/2022:22:44:24 +0400] "GET /staff/ HTTP/1.1" 200 4164
::1 - - [01/Aug/2022:22:44:24 +0400] "GET /favicon.ico HTTP/1.1" 200 920
::1 - - [01/Aug/2022:22:44:45 +0400] "GET /authorization/ HTTP/1.1" 200 1155
::1 - - [01/Aug/2022:22:44:45 +0400] "GET /favicon.ico HTTP/1.1" 200 920
::1 - - [01/Aug/2022:22:44:47 +0400] "POST /authorization/ HTTP/1.1" 200 1256
::1 - - [01/Aug/2022:22:44:47 +0400] "GET /favicon.ico HTTP/1.1" 200 920
::1 - - [01/Aug/2022:22:44:50 +0400] "POST /authorization/ HTTP/1.1" 200 1256
::1 - - [01/Aug/2022:22:44:50 +0400] "GET /favicon.ico HTTP/1.1" 200 920
::1 - - [01/Aug/2022:22:44:55 +0400] "POST /authorization/ HTTP/1.1" 302 1256
::1 - - [01/Aug/2022:22:44:55 +0400] "GET /staff/ HTTP/1.1" 200 4164
::1 - - [01/Aug/2022:22:44:55 +0400] "GET /favicon.ico HTTP/1.1" 200 920
::1 - - [01/Aug/2022:22:45:45 +0400] "-" 408 -
::1 - - [01/Aug/2022:22:47:01 +0400] "GET /authorization/ HTTP/1.1" 200 1155
::1 - - [01/Aug/2022:22:47:01 +0400] "GET /favicon.ico HTTP/1.1" 200 920
::1 - - [01/Aug/2022:22:47:02 +0400] "POST /authorization/ HTTP/1.1" 200 1256
::1 - - [01/Aug/2022:22:47:02 +0400] "GET /favicon.ico HTTP/1.1" 200 920
::1 - - [01/Aug/2022:22:47:15 +0400] "GET /staff/ HTTP/1.1" 200 4164
::1 - - [01/Aug/2022:22:47:15 +0400] "GET /favicon.ico HTTP/1.1" 200 920
::1 - - [01/Aug/2022:22:47:35 +0400] "GET /authorization/ HTTP/1.1" 200 1155
::1 - - [01/Aug/2022:22:47:35 +0400] "GET /favicon.ico HTTP/1.1" 200 920
::1 - - [01/Aug/2022:22:47:38 +0400] "POST /authorization/ HTTP/1.1" 302 1256
::1 - - [01/Aug/2022:22:47:38 +0400] "GET /staff/ HTTP/1.1" 200 4164
::1 - - [01/Aug/2022:22:47:38 +0400] "GET /favicon.ico HTTP/1.1" 200 920
::1 - - [01/Aug/2022:22:48:35 +0400] "-" 408 -
::1 - - [01/Aug/2022:22:51:43 +0400] "POST /staff/ HTTP/1.1" 200 2688
::1 - - [01/Aug/2022:22:51:43 +0400] "GET /project/webroot/css/styles.css HTTP/1.1" 304 -
::1 - - [01/Aug/2022:22:51:43 +0400] "GET /favicon.ico HTTP/1.1" 200 920
::1 - - [01/Aug/2022:22:51:44 +0400] "GET /staff/ HTTP/1.1" 200 4164
::1 - - [01/Aug/2022:22:51:44 +0400] "GET /favicon.ico HTTP/1.1" 200 920
::1 - - [01/Aug/2022:22:51:46 +0400] "POST /staff/ HTTP/1.1" 200 2805
::1 - - [01/Aug/2022:22:51:46 +0400] "GET /favicon.ico HTTP/1.1" 200 920
::1 - - [01/Aug/2022:22:51:47 +0400] "GET /staff/ HTTP/1.1" 200 4164
::1 - - [01/Aug/2022:22:51:47 +0400] "GET /favicon.ico HTTP/1.1" 200 920
::1 - - [01/Aug/2022:22:52:43 +0400] "-" 408 -
::1 - - [01/Aug/2022:22:54:25 +0400] "GET /staff/ HTTP/1.1" 200 4213
::1 - - [01/Aug/2022:22:54:25 +0400] "GET /favicon.ico HTTP/1.1" 200 969
::1 - - [01/Aug/2022:22:54:28 +0400] "POST /staff/ HTTP/1.1" 200 4213
::1 - - [01/Aug/2022:22:54:28 +0400] "GET /favicon.ico HTTP/1.1" 200 969
::1 - - [01/Aug/2022:22:54:29 +0400] "POST /staff/ HTTP/1.1" 200 4213
::1 - - [01/Aug/2022:22:54:29 +0400] "GET /favicon.ico HTTP/1.1" 200 969
::1 - - [01/Aug/2022:22:54:30 +0400] "POST /staff/ HTTP/1.1" 200 4213
::1 - - [01/Aug/2022:22:54:30 +0400] "GET /favicon.ico HTTP/1.1" 200 969
::1 - - [01/Aug/2022:22:54:31 +0400] "POST /staff/ HTTP/1.1" 200 4213
::1 - - [01/Aug/2022:22:54:31 +0400] "GET /favicon.ico HTTP/1.1" 200 969
::1 - - [01/Aug/2022:22:54:32 +0400] "POST /staff/ HTTP/1.1" 200 4213
::1 - - [01/Aug/2022:22:54:32 +0400] "GET /favicon.ico HTTP/1.1" 200 969
::1 - - [01/Aug/2022:22:54:33 +0400] "POST /staff/ HTTP/1.1" 200 4213
::1 - - [01/Aug/2022:22:54:33 +0400] "GET /favicon.ico HTTP/1.1" 200 969
::1 - - [01/Aug/2022:22:54:35 +0400] "POST /staff/ HTTP/1.1" 200 2854
::1 - - [01/Aug/2022:22:54:35 +0400] "GET /favicon.ico HTTP/1.1" 200 969
::1 - - [01/Aug/2022:22:54:36 +0400] "GET /staff/ HTTP/1.1" 200 4213
::1 - - [01/Aug/2022:22:54:37 +0400] "GET /favicon.ico HTTP/1.1" 200 969
::1 - - [01/Aug/2022:22:54:39 +0400] "POST /staff/ HTTP/1.1" 200 1648
::1 - - [01/Aug/2022:22:54:39 +0400] "GET /favicon.ico HTTP/1.1" 200 969
::1 - - [01/Aug/2022:22:54:41 +0400] "GET /staff/ HTTP/1.1" 200 4213
::1 - - [01/Aug/2022:22:54:41 +0400] "GET /favicon.ico HTTP/1.1" 200 969
::1 - - [01/Aug/2022:22:54:42 +0400] "POST /staff/ HTTP/1.1" 200 4213
::1 - - [01/Aug/2022:22:54:42 +0400] "GET /favicon.ico HTTP/1.1" 200 969
::1 - - [01/Aug/2022:22:54:43 +0400] "POST /staff/ HTTP/1.1" 200 4213
::1 - - [01/Aug/2022:22:54:43 +0400] "GET /favicon.ico HTTP/1.1" 200 969
::1 - - [01/Aug/2022:22:55:25 +0400] "-" 408 -
::1 - - [01/Aug/2022:22:57:11 +0400] "POST /staff/ HTTP/1.1" 200 4213
::1 - - [01/Aug/2022:22:57:11 +0400] "GET /favicon.ico HTTP/1.1" 200 969
::1 - - [01/Aug/2022:22:57:12 +0400] "POST /staff/ HTTP/1.1" 200 4213
::1 - - [01/Aug/2022:22:57:12 +0400] "GET /favicon.ico HTTP/1.1" 200 969
::1 - - [01/Aug/2022:22:57:13 +0400] "POST /staff/ HTTP/1.1" 200 4213
::1 - - [01/Aug/2022:22:57:13 +0400] "GET /favicon.ico HTTP/1.1" 200 969
::1 - - [01/Aug/2022:22:57:14 +0400] "POST /staff/ HTTP/1.1" 200 4213
::1 - - [01/Aug/2022:22:57:14 +0400] "GET /favicon.ico HTTP/1.1" 200 969
::1 - - [01/Aug/2022:22:57:15 +0400] "POST /staff/ HTTP/1.1" 200 4213
::1 - - [01/Aug/2022:22:57:15 +0400] "GET /favicon.ico HTTP/1.1" 200 969
::1 - - [01/Aug/2022:22:57:19 +0400] "POST /staff/ HTTP/1.1" 200 2737
::1 - - [01/Aug/2022:22:57:19 +0400] "GET /favicon.ico HTTP/1.1" 200 969
::1 - - [01/Aug/2022:22:57:20 +0400] "POST /staff/ HTTP/1.1" 200 4213
::1 - - [01/Aug/2022:22:57:21 +0400] "GET /favicon.ico HTTP/1.1" 200 969
::1 - - [01/Aug/2022:22:58:11 +0400] "-" 408 -
::1 - - [01/Aug/2022:22:58:33 +0400] "POST /staff/ HTTP/1.1" 200 4227
::1 - - [01/Aug/2022:22:58:33 +0400] "GET /favicon.ico HTTP/1.1" 200 983
::1 - - [01/Aug/2022:22:58:34 +0400] "POST /staff/ HTTP/1.1" 200 4227
::1 - - [01/Aug/2022:22:58:34 +0400] "GET /favicon.ico HTTP/1.1" 200 983
::1 - - [01/Aug/2022:22:58:35 +0400] "POST /staff/ HTTP/1.1" 200 4227
::1 - - [01/Aug/2022:22:58:35 +0400] "GET /favicon.ico HTTP/1.1" 200 983
::1 - - [01/Aug/2022:22:58:36 +0400] "POST /staff/ HTTP/1.1" 200 4227
::1 - - [01/Aug/2022:22:58:36 +0400] "GET /favicon.ico HTTP/1.1" 200 983
::1 - - [01/Aug/2022:22:58:36 +0400] "POST /staff/ HTTP/1.1" 200 4227
::1 - - [01/Aug/2022:22:58:36 +0400] "GET /favicon.ico HTTP/1.1" 200 983
::1 - - [01/Aug/2022:22:58:38 +0400] "POST /staff/ HTTP/1.1" 200 4227
::1 - - [01/Aug/2022:22:58:38 +0400] "GET /favicon.ico HTTP/1.1" 200 983
::1 - - [01/Aug/2022:22:58:39 +0400] "POST /staff/ HTTP/1.1" 200 4227
::1 - - [01/Aug/2022:22:58:39 +0400] "GET /favicon.ico HTTP/1.1" 200 983
::1 - - [01/Aug/2022:22:59:13 +0400] "POST /staff/ HTTP/1.1" 200 4212
::1 - - [01/Aug/2022:22:59:14 +0400] "GET /favicon.ico HTTP/1.1" 200 968
::1 - - [01/Aug/2022:22:59:15 +0400] "POST /staff/ HTTP/1.1" 302 4405
::1 - - [01/Aug/2022:22:59:15 +0400] "GET /authorization/ HTTP/1.1" 302 1203
::1 - - [01/Aug/2022:22:59:15 +0400] "GET /authorization/ HTTP/1.1" 302 1203
::1 - - [01/Aug/2022:22:59:15 +0400] "GET /authorization/ HTTP/1.1" 302 1203
::1 - - [01/Aug/2022:22:59:15 +0400] "GET /authorization/ HTTP/1.1" 302 1203
::1 - - [01/Aug/2022:22:59:15 +0400] "GET /authorization/ HTTP/1.1" 302 1203
::1 - - [01/Aug/2022:22:59:15 +0400] "GET /authorization/ HTTP/1.1" 302 1203
::1 - - [01/Aug/2022:22:59:15 +0400] "GET /authorization/ HTTP/1.1" 302 1203
::1 - - [01/Aug/2022:22:59:15 +0400] "GET /authorization/ HTTP/1.1" 302 1203
::1 - - [01/Aug/2022:22:59:15 +0400] "GET /authorization/ HTTP/1.1" 302 1203
::1 - - [01/Aug/2022:22:59:15 +0400] "GET /authorization/ HTTP/1.1" 302 1203
::1 - - [01/Aug/2022:22:59:15 +0400] "GET /authorization/ HTTP/1.1" 302 1203
::1 - - [01/Aug/2022:22:59:15 +0400] "GET /authorization/ HTTP/1.1" 302 1203
::1 - - [01/Aug/2022:22:59:15 +0400] "GET /authorization/ HTTP/1.1" 302 1203
::1 - - [01/Aug/2022:22:59:15 +0400] "GET /authorization/ HTTP/1.1" 302 1203
::1 - - [01/Aug/2022:22:59:15 +0400] "GET /authorization/ HTTP/1.1" 302 1203
::1 - - [01/Aug/2022:22:59:15 +0400] "GET /authorization/ HTTP/1.1" 302 1203
::1 - - [01/Aug/2022:22:59:15 +0400] "GET /authorization/ HTTP/1.1" 302 1203
::1 - - [01/Aug/2022:22:59:15 +0400] "GET /authorization/ HTTP/1.1" 302 1203
::1 - - [01/Aug/2022:22:59:15 +0400] "GET /authorization/ HTTP/1.1" 302 1203
::1 - - [01/Aug/2022:22:59:16 +0400] "GET /authorization/ HTTP/1.1" 302 1203
::1 - - [01/Aug/2022:22:59:16 +0400] "GET /authorization/ HTTP/1.1" 302 1203
::1 - - [01/Aug/2022:22:59:16 +0400] "GET /authorization/ HTTP/1.1" 302 1203
::1 - - [01/Aug/2022:22:59:16 +0400] "GET /authorization/ HTTP/1.1" 302 1203
::1 - - [01/Aug/2022:22:59:16 +0400] "GET /authorization/ HTTP/1.1" 302 1203
::1 - - [01/Aug/2022:22:59:16 +0400] "GET /authorization/ HTTP/1.1" 302 1203
::1 - - [01/Aug/2022:22:59:16 +0400] "GET /authorization/ HTTP/1.1" 302 1203
::1 - - [01/Aug/2022:22:59:16 +0400] "GET /authorization/ HTTP/1.1" 302 1203
::1 - - [01/Aug/2022:22:59:16 +0400] "GET /authorization/ HTTP/1.1" 302 1203
::1 - - [01/Aug/2022:22:59:16 +0400] "GET /authorization/ HTTP/1.1" 302 1203
::1 - - [01/Aug/2022:22:59:16 +0400] "GET /authorization/ HTTP/1.1" 302 1203
::1 - - [01/Aug/2022:22:59:16 +0400] "GET /authorization/ HTTP/1.1" 302 1203
::1 - - [01/Aug/2022:22:59:16 +0400] "GET /authorization/ HTTP/1.1" 302 1203
::1 - - [01/Aug/2022:22:59:16 +0400] "GET /authorization/ HTTP/1.1" 302 1203
::1 - - [01/Aug/2022:22:59:16 +0400] "GET /authorization/ HTTP/1.1" 302 1203
::1 - - [01/Aug/2022:22:59:16 +0400] "GET /authorization/ HTTP/1.1" 302 1203
::1 - - [01/Aug/2022:22:59:16 +0400] "GET /authorization/ HTTP/1.1" 302 1203
::1 - - [01/Aug/2022:22:59:16 +0400] "GET /authorization/ HTTP/1.1" 302 1203
::1 - - [01/Aug/2022:22:59:16 +0400] "GET /authorization/ HTTP/1.1" 302 1203
::1 - - [01/Aug/2022:22:59:16 +0400] "GET /authorization/ HTTP/1.1" 302 1203
::1 - - [01/Aug/2022:22:59:21 +0400] "GET /authorization/ HTTP/1.1" 302 1203
::1 - - [01/Aug/2022:22:59:21 +0400] "GET /authorization/ HTTP/1.1" 302 1203
::1 - - [01/Aug/2022:22:59:21 +0400] "GET /authorization/ HTTP/1.1" 302 1203
::1 - - [01/Aug/2022:22:59:22 +0400] "GET /authorization/ HTTP/1.1" 302 1203
::1 - - [01/Aug/2022:22:59:22 +0400] "GET /authorization/ HTTP/1.1" 302 1203
::1 - - [01/Aug/2022:22:59:22 +0400] "GET /authorization/ HTTP/1.1" 302 1203
::1 - - [01/Aug/2022:22:59:22 +0400] "GET /authorization/ HTTP/1.1" 302 1203
::1 - - [01/Aug/2022:22:59:22 +0400] "GET /authorization/ HTTP/1.1" 302 1203
::1 - - [01/Aug/2022:22:59:22 +0400] "GET /authorization/ HTTP/1.1" 302 1203
::1 - - [01/Aug/2022:22:59:22 +0400] "GET /authorization/ HTTP/1.1" 302 1203
::1 - - [01/Aug/2022:22:59:22 +0400] "GET /authorization/ HTTP/1.1" 302 1203
::1 - - [01/Aug/2022:22:59:22 +0400] "GET /authorization/ HTTP/1.1" 302 1203
::1 - - [01/Aug/2022:22:59:22 +0400] "GET /authorization/ HTTP/1.1" 302 1203
::1 - - [01/Aug/2022:22:59:22 +0400] "GET /authorization/ HTTP/1.1" 302 1203
::1 - - [01/Aug/2022:22:59:22 +0400] "GET /authorization/ HTTP/1.1" 302 1203
::1 - - [01/Aug/2022:22:59:22 +0400] "GET /authorization/ HTTP/1.1" 302 1203
::1 - - [01/Aug/2022:22:59:22 +0400] "GET /authorization/ HTTP/1.1" 302 1203
::1 - - [01/Aug/2022:22:59:22 +0400] "GET /authorization/ HTTP/1.1" 302 1203
::1 - - [01/Aug/2022:22:59:22 +0400] "GET /authorization/ HTTP/1.1" 302 1203
::1 - - [01/Aug/2022:22:59:22 +0400] "GET /authorization/ HTTP/1.1" 302 1203
::1 - - [01/Aug/2022:22:59:52 +0400] "GET /authorization/ HTTP/1.1" 302 1203
::1 - - [01/Aug/2022:22:59:52 +0400] "GET /authorization/ HTTP/1.1" 302 1203
::1 - - [01/Aug/2022:22:59:52 +0400] "GET /authorization/ HTTP/1.1" 302 1203
::1 - - [01/Aug/2022:22:59:52 +0400] "GET /authorization/ HTTP/1.1" 302 1203
::1 - - [01/Aug/2022:22:59:52 +0400] "GET /authorization/ HTTP/1.1" 302 1203
::1 - - [01/Aug/2022:22:59:52 +0400] "GET /authorization/ HTTP/1.1" 302 1203
::1 - - [01/Aug/2022:22:59:52 +0400] "GET /authorization/ HTTP/1.1" 302 1203
::1 - - [01/Aug/2022:22:59:52 +0400] "GET /authorization/ HTTP/1.1" 302 1203
::1 - - [01/Aug/2022:22:59:52 +0400] "GET /authorization/ HTTP/1.1" 302 1203
::1 - - [01/Aug/2022:22:59:52 +0400] "GET /authorization/ HTTP/1.1" 302 1203
::1 - - [01/Aug/2022:22:59:52 +0400] "GET /authorization/ HTTP/1.1" 302 1203
::1 - - [01/Aug/2022:22:59:52 +0400] "GET /authorization/ HTTP/1.1" 302 1203
::1 - - [01/Aug/2022:22:59:52 +0400] "GET /authorization/ HTTP/1.1" 302 1203
::1 - - [01/Aug/2022:22:59:52 +0400] "GET /authorization/ HTTP/1.1" 302 1203
::1 - - [01/Aug/2022:22:59:52 +0400] "GET /authorization/ HTTP/1.1" 302 1203
::1 - - [01/Aug/2022:22:59:52 +0400] "GET /authorization/ HTTP/1.1" 302 1203
::1 - - [01/Aug/2022:22:59:52 +0400] "GET /authorization/ HTTP/1.1" 302 1203
::1 - - [01/Aug/2022:22:59:52 +0400] "GET /authorization/ HTTP/1.1" 302 1203
::1 - - [01/Aug/2022:22:59:52 +0400] "GET /authorization/ HTTP/1.1" 302 1203
::1 - - [01/Aug/2022:22:59:52 +0400] "GET /authorization/ HTTP/1.1" 302 1203
::1 - - [01/Aug/2022:23:00:01 +0400] "POST /staff/ HTTP/1.1" 200 4212
::1 - - [01/Aug/2022:23:00:01 +0400] "GET /project/webroot/css/styles.css HTTP/1.1" 304 -
::1 - - [01/Aug/2022:23:00:02 +0400] "GET /favicon.ico HTTP/1.1" 200 968
::1 - - [01/Aug/2022:23:00:04 +0400] "POST /staff/ HTTP/1.1" 302 4240
::1 - - [01/Aug/2022:23:00:04 +0400] "GET /authorization/ HTTP/1.1" 200 1203
::1 - - [01/Aug/2022:23:00:04 +0400] "GET /favicon.ico HTTP/1.1" 200 968
::1 - - [01/Aug/2022:23:00:15 +0400] "POST /authorization/ HTTP/1.1" 302 1304
::1 - - [01/Aug/2022:23:00:15 +0400] "GET /staff/ HTTP/1.1" 200 4212
::1 - - [01/Aug/2022:23:00:15 +0400] "GET /favicon.ico HTTP/1.1" 200 968
::1 - - [01/Aug/2022:23:00:40 +0400] "GET /staff/ HTTP/1.1" 200 4251
::1 - - [01/Aug/2022:23:00:41 +0400] "GET /favicon.ico HTTP/1.1" 200 1007
::1 - - [01/Aug/2022:23:00:43 +0400] "POST /staff/ HTTP/1.1" 302 4253
::1 - - [01/Aug/2022:23:00:43 +0400] "GET /authorization/ HTTP/1.1" 200 1216
::1 - - [01/Aug/2022:23:00:44 +0400] "GET /favicon.ico HTTP/1.1" 200 981
::1 - - [01/Aug/2022:23:00:45 +0400] "POST /authorization/ HTTP/1.1" 200 1317
::1 - - [01/Aug/2022:23:00:45 +0400] "GET /favicon.ico HTTP/1.1" 200 981
::1 - - [01/Aug/2022:23:00:52 +0400] "POST /authorization/ HTTP/1.1" 302 1343
::1 - - [01/Aug/2022:23:00:52 +0400] "GET /staff/ HTTP/1.1" 200 4251
::1 - - [01/Aug/2022:23:00:52 +0400] "GET /favicon.ico HTTP/1.1" 200 1007
::1 - - [01/Aug/2022:23:01:52 +0400] "-" 408 -
::1 - - [01/Aug/2022:23:03:36 +0400] "POST /staff/ HTTP/1.1" 200 2775
::1 - - [01/Aug/2022:23:03:36 +0400] "GET /favicon.ico HTTP/1.1" 200 1007
::1 - - [01/Aug/2022:23:03:38 +0400] "GET /staff/ HTTP/1.1" 200 4251
::1 - - [01/Aug/2022:23:03:38 +0400] "GET /favicon.ico HTTP/1.1" 200 1007
::1 - - [01/Aug/2022:23:03:39 +0400] "POST /staff/ HTTP/1.1" 200 2892
::1 - - [01/Aug/2022:23:03:39 +0400] "GET /favicon.ico HTTP/1.1" 200 1007
::1 - - [01/Aug/2022:23:03:41 +0400] "GET /staff/ HTTP/1.1" 200 4251
::1 - - [01/Aug/2022:23:03:41 +0400] "GET /favicon.ico HTTP/1.1" 200 1007
::1 - - [01/Aug/2022:23:03:42 +0400] "POST /staff/ HTTP/1.1" 302 4444
::1 - - [01/Aug/2022:23:03:42 +0400] "GET /authorization/ HTTP/1.1" 200 1216
::1 - - [01/Aug/2022:23:03:42 +0400] "GET /favicon.ico HTTP/1.1" 200 981
::1 - - [01/Aug/2022:23:03:45 +0400] "POST /authorization/ HTTP/1.1" 200 1317
::1 - - [01/Aug/2022:23:03:45 +0400] "GET /favicon.ico HTTP/1.1" 200 981
::1 - - [01/Aug/2022:23:03:49 +0400] "GET /staff/ HTTP/1.1" 302 4225
::1 - - [01/Aug/2022:23:03:50 +0400] "GET /staff/ HTTP/1.1" 302 4225
::1 - - [01/Aug/2022:23:03:50 +0400] "GET /authorization/ HTTP/1.1" 200 1216
::1 - - [01/Aug/2022:23:03:50 +0400] "GET /favicon.ico HTTP/1.1" 200 981
::1 - - [01/Aug/2022:23:03:58 +0400] "GET /institutions/ HTTP/1.1" 302 2670
::1 - - [01/Aug/2022:23:03:58 +0400] "GET /authorization/ HTTP/1.1" 200 1216
::1 - - [01/Aug/2022:23:03:58 +0400] "GET /favicon.ico HTTP/1.1" 200 981
::1 - - [01/Aug/2022:23:04:08 +0400] "POST /authorization/ HTTP/1.1" 302 1343
::1 - - [01/Aug/2022:23:04:08 +0400] "GET /staff/ HTTP/1.1" 200 4251
::1 - - [01/Aug/2022:23:04:09 +0400] "GET /favicon.ico HTTP/1.1" 200 1007
::1 - - [01/Aug/2022:23:04:13 +0400] "POST /staff/ HTTP/1.1" 200 1686
::1 - - [01/Aug/2022:23:04:13 +0400] "GET /favicon.ico HTTP/1.1" 200 1007
::1 - - [01/Aug/2022:23:04:15 +0400] "GET /staff/ HTTP/1.1" 200 4251
::1 - - [01/Aug/2022:23:04:15 +0400] "GET /favicon.ico HTTP/1.1" 200 1007
::1 - - [01/Aug/2022:23:04:18 +0400] "POST /staff/ HTTP/1.1" 302 4444
::1 - - [01/Aug/2022:23:04:18 +0400] "GET /authorization/ HTTP/1.1" 200 1216
::1 - - [01/Aug/2022:23:04:18 +0400] "GET /favicon.ico HTTP/1.1" 200 981
::1 - - [01/Aug/2022:23:04:47 +0400] "POST /phpmyadmin/index.php?route=/ HTTP/1.1" 200 1749
::1 - - [01/Aug/2022:23:04:52 +0400] "GET /deeteStaff/ HTTP/1.1" 200 981
::1 - - [01/Aug/2022:23:04:52 +0400] "GET /favicon.ico HTTP/1.1" 200 981
::1 - - [01/Aug/2022:23:05:05 +0400] "GET /institutions/ HTTP/1.1" 302 2670
::1 - - [01/Aug/2022:23:05:05 +0400] "GET /authorization/ HTTP/1.1" 200 1216
::1 - - [01/Aug/2022:23:05:05 +0400] "GET /favicon.ico HTTP/1.1" 200 981
::1 - - [01/Aug/2022:23:05:07 +0400] "GET /staff/ HTTP/1.1" 302 4225
::1 - - [01/Aug/2022:23:05:07 +0400] "GET /authorization/ HTTP/1.1" 200 1216
::1 - - [01/Aug/2022:23:05:07 +0400] "GET /favicon.ico HTTP/1.1" 200 981
::1 - - [01/Aug/2022:23:05:08 +0400] "GET /institutions/ HTTP/1.1" 302 2670
::1 - - [01/Aug/2022:23:05:08 +0400] "GET /authorization/ HTTP/1.1" 200 1216
::1 - - [01/Aug/2022:23:05:08 +0400] "GET /favicon.ico HTTP/1.1" 200 981
::1 - - [01/Aug/2022:23:05:09 +0400] "GET /staff/ HTTP/1.1" 302 4225
::1 - - [01/Aug/2022:23:05:09 +0400] "GET /authorization/ HTTP/1.1" 200 1216
::1 - - [01/Aug/2022:23:05:09 +0400] "GET /favicon.ico HTTP/1.1" 200 981
::1 - - [01/Aug/2022:23:05:10 +0400] "GET /institutions/ HTTP/1.1" 302 2670
::1 - - [01/Aug/2022:23:05:10 +0400] "GET /authorization/ HTTP/1.1" 200 1216
::1 - - [01/Aug/2022:23:05:10 +0400] "GET /favicon.ico HTTP/1.1" 200 981
::1 - - [01/Aug/2022:23:05:10 +0400] "GET /staff/ HTTP/1.1" 302 4225
::1 - - [01/Aug/2022:23:05:10 +0400] "GET /authorization/ HTTP/1.1" 200 1216
::1 - - [01/Aug/2022:23:05:10 +0400] "GET /favicon.ico HTTP/1.1" 200 981
::1 - - [01/Aug/2022:23:05:11 +0400] "GET /institutions/ HTTP/1.1" 302 2670
::1 - - [01/Aug/2022:23:05:11 +0400] "GET /authorization/ HTTP/1.1" 200 1216
::1 - - [01/Aug/2022:23:05:11 +0400] "GET /favicon.ico HTTP/1.1" 200 981
::1 - - [01/Aug/2022:23:05:11 +0400] "GET /staff/ HTTP/1.1" 302 4225
::1 - - [01/Aug/2022:23:05:11 +0400] "GET /authorization/ HTTP/1.1" 200 1216
::1 - - [01/Aug/2022:23:05:11 +0400] "GET /favicon.ico HTTP/1.1" 200 981
::1 - - [01/Aug/2022:23:05:18 +0400] "GET /kjvkjvkj/ HTTP/1.1" 200 981
::1 - - [01/Aug/2022:23:05:18 +0400] "GET /favicon.ico HTTP/1.1" 200 981
::1 - - [01/Aug/2022:23:07:10 +0400] "POST /staff/ HTTP/1.1" 200 1314
::1 - - [01/Aug/2022:23:07:11 +0400] "GET /favicon.ico HTTP/1.1" 200 955
::1 - - [01/Aug/2022:23:07:13 +0400] "GET /staff/ HTTP/1.1" 302 4199
::1 - - [01/Aug/2022:23:07:13 +0400] "GET /authorization/ HTTP/1.1" 200 1190
::1 - - [01/Aug/2022:23:07:13 +0400] "GET /favicon.ico HTTP/1.1" 200 955
::1 - - [01/Aug/2022:23:07:58 +0400] "GET /authorization/ HTTP/1.1" 200 1190
::1 - - [01/Aug/2022:23:07:58 +0400] "GET /favicon.ico HTTP/1.1" 200 955
::1 - - [01/Aug/2022:23:10:55 +0400] "GET /authorization/ HTTP/1.1" 200 840
::1 - - [01/Aug/2022:23:10:55 +0400] "GET /project/webroot/css/styles.css HTTP/1.1" 304 -
::1 - - [01/Aug/2022:23:10:55 +0400] "GET /favicon.ico HTTP/1.1" 200 605
::1 - - [01/Aug/2022:23:10:59 +0400] "POST /authorization/ HTTP/1.1" 200 840
::1 - - [01/Aug/2022:23:11:00 +0400] "GET /favicon.ico HTTP/1.1" 200 605
::1 - - [01/Aug/2022:23:11:04 +0400] "POST /authorization/ HTTP/1.1" 302 1190
::1 - - [01/Aug/2022:23:11:04 +0400] "GET /staff/ HTTP/1.1" 200 4199
::1 - - [01/Aug/2022:23:11:04 +0400] "GET /favicon.ico HTTP/1.1" 200 955
::1 - - [01/Aug/2022:23:15:16 +0400] "GET /staff/ HTTP/1.1" 200 4212
::1 - - [01/Aug/2022:23:15:17 +0400] "GET /favicon.ico HTTP/1.1" 200 968
::1 - - [01/Aug/2022:23:23:30 +0400] "POST /phpmyadmin/index.php?route=/ HTTP/1.1" 200 1749
::1 - - [01/Aug/2022:23:41:54 +0400] "POST /phpmyadmin/index.php?route=/ HTTP/1.1" 200 1749
::1 - - [02/Aug/2022:00:00:00 +0400] "POST /phpmyadmin/index.php?route=/ HTTP/1.1" 200 1749
::1 - - [02/Aug/2022:00:13:29 +0400] "GET /staff/ HTTP/1.1" 200 4229
::1 - - [02/Aug/2022:00:13:29 +0400] "GET /project/webroot/css/styles.css HTTP/1.1" 200 4725
::1 - - [02/Aug/2022:00:13:29 +0400] "GET /favicon.ico HTTP/1.1" 200 985
::1 - - [02/Aug/2022:00:13:33 +0400] "POST /staff/ HTTP/1.1" 200 1168
::1 - - [02/Aug/2022:00:13:33 +0400] "GET /project/webroot/css/styles.css HTTP/1.1" 304 -
::1 - - [02/Aug/2022:00:13:33 +0400] "GET /favicon.ico HTTP/1.1" 200 985
::1 - - [02/Aug/2022:00:13:37 +0400] "POST /staff/ HTTP/1.1" 200 1344
::1 - - [02/Aug/2022:00:13:37 +0400] "GET /project/webroot/css/styles.css HTTP/1.1" 304 -
::1 - - [02/Aug/2022:00:13:37 +0400] "GET /favicon.ico HTTP/1.1" 200 985
::1 - - [02/Aug/2022:00:15:47 +0400] "POST /staff/ HTTP/1.1" 200 1344
::1 - - [02/Aug/2022:00:15:47 +0400] "GET /project/webroot/css/styles.css HTTP/1.1" 200 4725
::1 - - [02/Aug/2022:00:15:47 +0400] "GET /favicon.ico HTTP/1.1" 200 985
::1 - - [02/Aug/2022:00:15:50 +0400] "POST /staff/ HTTP/1.1" 200 1344
::1 - - [02/Aug/2022:00:15:50 +0400] "GET /project/webroot/css/styles.css HTTP/1.1" 304 -
::1 - - [02/Aug/2022:00:15:51 +0400] "GET /favicon.ico HTTP/1.1" 200 985
::1 - - [02/Aug/2022:00:15:52 +0400] "GET /staff/ HTTP/1.1" 200 4229
::1 - - [02/Aug/2022:00:15:53 +0400] "GET /project/webroot/css/styles.css HTTP/1.1" 304 -
::1 - - [02/Aug/2022:00:15:53 +0400] "GET /favicon.ico HTTP/1.1" 200 985
::1 - - [02/Aug/2022:00:15:55 +0400] "POST /staff/ HTTP/1.1" 200 1168
::1 - - [02/Aug/2022:00:15:55 +0400] "GET /project/webroot/css/styles.css HTTP/1.1" 304 -
::1 - - [02/Aug/2022:00:15:55 +0400] "GET /favicon.ico HTTP/1.1" 200 985
::1 - - [02/Aug/2022:00:15:59 +0400] "POST /staff/ HTTP/1.1" 200 1344
::1 - - [02/Aug/2022:00:15:59 +0400] "GET /project/webroot/css/styles.css HTTP/1.1" 304 -
::1 - - [02/Aug/2022:00:15:59 +0400] "GET /favicon.ico HTTP/1.1" 200 985
::1 - - [02/Aug/2022:00:17:48 +0400] "POST /phpmyadmin/index.php?route=/ HTTP/1.1" 200 1749
::1 - - [02/Aug/2022:00:35:18 +0400] "POST /phpmyadmin/index.php?route=/ HTTP/1.1" 200 1749
::1 - - [02/Aug/2022:00:52:30 +0400] "POST /phpmyadmin/index.php?route=/ HTTP/1.1" 200 1749
::1 - - [02/Aug/2022:01:09:25 +0400] "POST /phpmyadmin/index.php?route=/ HTTP/1.1" 200 1749
